<?xml version="1.0" encoding="UTF-8"?>
<!-- Generated by org.testng.reporters.JUnitReportReporter -->
<testsuite hostname="LAPTOP-1LI5CG8U" failures="0" tests="1" name="test.GoogleTest" time="0.000" errors="0" timestamp="2022-05-25T22:33:58 IST" skipped="0">
  <testcase classname="test.GoogleTest" name="checkURL" time="0.000"/>
  <system-out/>
</testsuite> <!-- test.GoogleTest -->
